<?xml version="1.0" encoding="UTF-8"?>
<testsuite xmlns:xsi="http://www.w3.org/2001/XMLSchema-instance" xsi:noNamespaceSchemaLocation="https://maven.apache.org/surefire/maven-surefire-plugin/xsd/surefire-test-report-3.0.xsd" version="3.0" name="com.azure.tools.checkstyle.checks.DenyListedWordsCheckTest" time="0.014" tests="2" errors="0" skipped="0" failures="0">
  <properties>
    <property name="java.specification.version" value="17"/>
    <property name="sun.jnu.encoding" value="UTF-8"/>
    <property name="java.class.path" value="/home/michael/azure-sdk-for-java/eng/code-quality-reports/target/test-classes:/home/michael/azure-sdk-for-java/eng/code-quality-reports/target/classes:/home/michael/.m2/repository/com/puppycrawl/tools/checkstyle/9.3/checkstyle-9.3.jar:/home/michael/.m2/repository/info/picocli/picocli/4.6.2/picocli-4.6.2.jar:/home/michael/.m2/repository/org/antlr/antlr4-runtime/4.9.3/antlr4-runtime-4.9.3.jar:/home/michael/.m2/repository/commons-beanutils/commons-beanutils/1.9.4/commons-beanutils-1.9.4.jar:/home/michael/.m2/repository/commons-logging/commons-logging/1.2/commons-logging-1.2.jar:/home/michael/.m2/repository/commons-collections/commons-collections/3.2.2/commons-collections-3.2.2.jar:/home/michael/.m2/repository/com/google/guava/guava/31.0.1-jre/guava-31.0.1-jre.jar:/home/michael/.m2/repository/com/google/guava/failureaccess/1.0.1/failureaccess-1.0.1.jar:/home/michael/.m2/repository/com/google/guava/listenablefuture/9999.0-empty-to-avoid-conflict-with-guava/listenablefuture-9999.0-empty-to-avoid-conflict-with-guava.jar:/home/michael/.m2/repository/com/google/code/findbugs/jsr305/3.0.2/jsr305-3.0.2.jar:/home/michael/.m2/repository/com/google/j2objc/j2objc-annotations/1.3/j2objc-annotations-1.3.jar:/home/michael/.m2/repository/org/reflections/reflections/0.10.2/reflections-0.10.2.jar:/home/michael/.m2/repository/org/javassist/javassist/3.28.0-GA/javassist-3.28.0-GA.jar:/home/michael/.m2/repository/net/sf/saxon/Saxon-HE/10.6/Saxon-HE-10.6.jar:/home/michael/.m2/repository/com/puppycrawl/tools/checkstyle/9.3/checkstyle-9.3-tests.jar:/home/michael/.m2/repository/com/google/truth/truth/1.1.3/truth-1.1.3.jar:/home/michael/.m2/repository/org/checkerframework/checker-qual/3.13.0/checker-qual-3.13.0.jar:/home/michael/.m2/repository/junit/junit/4.13.2/junit-4.13.2.jar:/home/michael/.m2/repository/org/hamcrest/hamcrest-core/1.3/hamcrest-core-1.3.jar:/home/michael/.m2/repository/com/google/auto/value/auto-value-annotations/1.8.1/auto-value-annotations-1.8.1.jar:/home/michael/.m2/repository/com/google/errorprone/error_prone_annotations/2.7.1/error_prone_annotations-2.7.1.jar:/home/michael/.m2/repository/org/ow2/asm/asm/9.1/asm-9.1.jar:/home/michael/.m2/repository/org/revapi/revapi/0.14.4/revapi-0.14.4.jar:/home/michael/.m2/repository/com/fasterxml/jackson/core/jackson-core/2.10.3/jackson-core-2.10.3.jar:/home/michael/.m2/repository/org/jboss/jboss-dmr/1.5.0.Final/jboss-dmr-1.5.0.Final.jar:/home/michael/.m2/repository/com/networknt/json-schema-validator/1.0.43/json-schema-validator-1.0.43.jar:/home/michael/.m2/repository/org/apache/commons/commons-lang3/3.5/commons-lang3-3.5.jar:/home/michael/.m2/repository/org/jruby/joni/joni/2.1.31/joni-2.1.31.jar:/home/michael/.m2/repository/org/jruby/jcodings/jcodings/1.0.46/jcodings-1.0.46.jar:/home/michael/.m2/repository/org/slf4j/slf4j-api/1.7.5/slf4j-api-1.7.5.jar:/home/michael/.m2/repository/org/revapi/revapi-java/0.26.1/revapi-java-0.26.1.jar:/home/michael/.m2/repository/org/revapi/classif/classif/0.1.0/classif-0.1.0.jar:/home/michael/.m2/repository/org/apache/logging/log4j/log4j-api/2.11.2/log4j-api-2.11.2.jar:/home/michael/.m2/repository/org/revapi/classif/classif-dsl/0.1.0/classif-dsl-0.1.0.jar:/home/michael/.m2/repository/org/revapi/revapi-java-spi/0.23.6/revapi-java-spi-0.23.6.jar:/home/michael/.m2/repository/org/junit/jupiter/junit-jupiter-api/5.9.3/junit-jupiter-api-5.9.3.jar:/home/michael/.m2/repository/org/opentest4j/opentest4j/1.2.0/opentest4j-1.2.0.jar:/home/michael/.m2/repository/org/junit/platform/junit-platform-commons/1.9.3/junit-platform-commons-1.9.3.jar:/home/michael/.m2/repository/org/apiguardian/apiguardian-api/1.1.2/apiguardian-api-1.1.2.jar:/home/michael/.m2/repository/org/junit/jupiter/junit-jupiter-params/5.9.3/junit-jupiter-params-5.9.3.jar:/home/michael/.m2/repository/org/junit/jupiter/junit-jupiter-engine/5.9.3/junit-jupiter-engine-5.9.3.jar:/home/michael/.m2/repository/org/junit/platform/junit-platform-engine/1.9.3/junit-platform-engine-1.9.3.jar:"/>
    <property name="java.vm.vendor" value="Private Build"/>
    <property name="sun.arch.data.model" value="64"/>
    <property name="java.vendor.url" value="Unknown"/>
    <property name="os.name" value="Linux"/>
    <property name="java.vm.specification.version" value="17"/>
    <property name="sun.java.launcher" value="SUN_STANDARD"/>
    <property name="user.country" value="DE"/>
    <property name="sun.boot.library.path" value="/usr/lib/jvm/java-17-openjdk-amd64/lib"/>
    <property name="sun.java.command" value="/home/michael/azure-sdk-for-java/eng/code-quality-reports/target/surefire/surefirebooter-20240109191100914_3.jar /home/michael/azure-sdk-for-java/eng/code-quality-reports/target/surefire 2024-01-09T19-11-00_244-jvmRun1 surefire-20240109191100914_1tmp surefire_0-20240109191100914_2tmp"/>
    <property name="jdk.debug" value="release"/>
    <property name="surefire.test.class.path" value="/home/michael/azure-sdk-for-java/eng/code-quality-reports/target/test-classes:/home/michael/azure-sdk-for-java/eng/code-quality-reports/target/classes:/home/michael/.m2/repository/com/puppycrawl/tools/checkstyle/9.3/checkstyle-9.3.jar:/home/michael/.m2/repository/info/picocli/picocli/4.6.2/picocli-4.6.2.jar:/home/michael/.m2/repository/org/antlr/antlr4-runtime/4.9.3/antlr4-runtime-4.9.3.jar:/home/michael/.m2/repository/commons-beanutils/commons-beanutils/1.9.4/commons-beanutils-1.9.4.jar:/home/michael/.m2/repository/commons-logging/commons-logging/1.2/commons-logging-1.2.jar:/home/michael/.m2/repository/commons-collections/commons-collections/3.2.2/commons-collections-3.2.2.jar:/home/michael/.m2/repository/com/google/guava/guava/31.0.1-jre/guava-31.0.1-jre.jar:/home/michael/.m2/repository/com/google/guava/failureaccess/1.0.1/failureaccess-1.0.1.jar:/home/michael/.m2/repository/com/google/guava/listenablefuture/9999.0-empty-to-avoid-conflict-with-guava/listenablefuture-9999.0-empty-to-avoid-conflict-with-guava.jar:/home/michael/.m2/repository/com/google/code/findbugs/jsr305/3.0.2/jsr305-3.0.2.jar:/home/michael/.m2/repository/com/google/j2objc/j2objc-annotations/1.3/j2objc-annotations-1.3.jar:/home/michael/.m2/repository/org/reflections/reflections/0.10.2/reflections-0.10.2.jar:/home/michael/.m2/repository/org/javassist/javassist/3.28.0-GA/javassist-3.28.0-GA.jar:/home/michael/.m2/repository/net/sf/saxon/Saxon-HE/10.6/Saxon-HE-10.6.jar:/home/michael/.m2/repository/com/puppycrawl/tools/checkstyle/9.3/checkstyle-9.3-tests.jar:/home/michael/.m2/repository/com/google/truth/truth/1.1.3/truth-1.1.3.jar:/home/michael/.m2/repository/org/checkerframework/checker-qual/3.13.0/checker-qual-3.13.0.jar:/home/michael/.m2/repository/junit/junit/4.13.2/junit-4.13.2.jar:/home/michael/.m2/repository/org/hamcrest/hamcrest-core/1.3/hamcrest-core-1.3.jar:/home/michael/.m2/repository/com/google/auto/value/auto-value-annotations/1.8.1/auto-value-annotations-1.8.1.jar:/home/michael/.m2/repository/com/google/errorprone/error_prone_annotations/2.7.1/error_prone_annotations-2.7.1.jar:/home/michael/.m2/repository/org/ow2/asm/asm/9.1/asm-9.1.jar:/home/michael/.m2/repository/org/revapi/revapi/0.14.4/revapi-0.14.4.jar:/home/michael/.m2/repository/com/fasterxml/jackson/core/jackson-core/2.10.3/jackson-core-2.10.3.jar:/home/michael/.m2/repository/org/jboss/jboss-dmr/1.5.0.Final/jboss-dmr-1.5.0.Final.jar:/home/michael/.m2/repository/com/networknt/json-schema-validator/1.0.43/json-schema-validator-1.0.43.jar:/home/michael/.m2/repository/org/apache/commons/commons-lang3/3.5/commons-lang3-3.5.jar:/home/michael/.m2/repository/org/jruby/joni/joni/2.1.31/joni-2.1.31.jar:/home/michael/.m2/repository/org/jruby/jcodings/jcodings/1.0.46/jcodings-1.0.46.jar:/home/michael/.m2/repository/org/slf4j/slf4j-api/1.7.5/slf4j-api-1.7.5.jar:/home/michael/.m2/repository/org/revapi/revapi-java/0.26.1/revapi-java-0.26.1.jar:/home/michael/.m2/repository/org/revapi/classif/classif/0.1.0/classif-0.1.0.jar:/home/michael/.m2/repository/org/apache/logging/log4j/log4j-api/2.11.2/log4j-api-2.11.2.jar:/home/michael/.m2/repository/org/revapi/classif/classif-dsl/0.1.0/classif-dsl-0.1.0.jar:/home/michael/.m2/repository/org/revapi/revapi-java-spi/0.23.6/revapi-java-spi-0.23.6.jar:/home/michael/.m2/repository/org/junit/jupiter/junit-jupiter-api/5.9.3/junit-jupiter-api-5.9.3.jar:/home/michael/.m2/repository/org/opentest4j/opentest4j/1.2.0/opentest4j-1.2.0.jar:/home/michael/.m2/repository/org/junit/platform/junit-platform-commons/1.9.3/junit-platform-commons-1.9.3.jar:/home/michael/.m2/repository/org/apiguardian/apiguardian-api/1.1.2/apiguardian-api-1.1.2.jar:/home/michael/.m2/repository/org/junit/jupiter/junit-jupiter-params/5.9.3/junit-jupiter-params-5.9.3.jar:/home/michael/.m2/repository/org/junit/jupiter/junit-jupiter-engine/5.9.3/junit-jupiter-engine-5.9.3.jar:/home/michael/.m2/repository/org/junit/platform/junit-platform-engine/1.9.3/junit-platform-engine-1.9.3.jar:"/>
    <property name="sun.cpu.endian" value="little"/>
    <property name="user.home" value="/home/michael"/>
    <property name="user.language" value="de"/>
    <property name="java.specification.vendor" value="Oracle Corporation"/>
    <property name="java.version.date" value="2023-10-17"/>
    <property name="java.home" value="/usr/lib/jvm/java-17-openjdk-amd64"/>
    <property name="file.separator" value="/"/>
    <property name="basedir" value="/home/michael/azure-sdk-for-java/eng/code-quality-reports"/>
    <property name="java.vm.compressedOopsMode" value="Zero based"/>
    <property name="line.separator" value="&#10;"/>
    <property name="java.vm.specification.vendor" value="Oracle Corporation"/>
    <property name="java.specification.name" value="Java Platform API Specification"/>
    <property name="surefire.real.class.path" value="/home/michael/azure-sdk-for-java/eng/code-quality-reports/target/surefire/surefirebooter-20240109191100914_3.jar"/>
    <property name="sun.management.compiler" value="HotSpot 64-Bit Tiered Compilers"/>
    <property name="java.runtime.version" value="17.0.9+9-Ubuntu-122.04"/>
    <property name="user.name" value="michael"/>
    <property name="path.separator" value=":"/>
    <property name="os.version" value="6.1.0-1027-oem"/>
    <property name="java.runtime.name" value="OpenJDK Runtime Environment"/>
    <property name="file.encoding" value="UTF-8"/>
    <property name="java.vm.name" value="OpenJDK 64-Bit Server VM"/>
    <property name="localRepository" value="/home/michael/.m2/repository"/>
    <property name="java.vendor.url.bug" value="Unknown"/>
    <property name="java.io.tmpdir" value="/tmp"/>
    <property name="java.version" value="17.0.9"/>
    <property name="user.dir" value="/home/michael/azure-sdk-for-java/eng/code-quality-reports"/>
    <property name="os.arch" value="amd64"/>
    <property name="java.vm.specification.name" value="Java Virtual Machine Specification"/>
    <property name="native.encoding" value="UTF-8"/>
    <property name="java.library.path" value="/usr/java/packages/lib:/usr/lib/x86_64-linux-gnu/jni:/lib/x86_64-linux-gnu:/usr/lib/x86_64-linux-gnu:/usr/lib/jni:/lib:/usr/lib"/>
    <property name="java.vm.info" value="mixed mode, sharing"/>
    <property name="java.vendor" value="Private Build"/>
    <property name="java.vm.version" value="17.0.9+9-Ubuntu-122.04"/>
    <property name="sun.io.unicode.encoding" value="UnicodeLittle"/>
    <property name="java.class.version" value="61.0"/>
  </properties>
  <testcase name="denyListedWordsInterface" classname="com.azure.tools.checkstyle.checks.DenyListedWordsCheckTest" time="0.006"/>
  <testcase name="denyListedWordsTestData" classname="com.azure.tools.checkstyle.checks.DenyListedWordsCheckTest" time="0.007"/>
</testsuite>